<?xml version="1.0" encoding="UTF-8"?>
<!-- Generated by org.testng.reporters.JUnitReportReporter -->
<testsuite hostname="DESKTOP-8G7EKM6" failures="0" tests="10" name="test.TC004_BottomLinks" time="348.460" errors="0" timestamp="2024-08-22T13:50:25 IST" skipped="0">
  <testcase classname="test.TC004_BottomLinks" name="Privacy" time="36.092"/>
  <testcase classname="test.TC004_BottomLinks" name="StatePrivacyRights" time="38.247"/>
  <testcase classname="test.TC004_BottomLinks" name="TermsAndConditions" time="34.145"/>
  <testcase classname="test.TC004_BottomLinks" name="TargetAds" time="32.437"/>
  <testcase classname="test.TC004_BottomLinks" name="LimitUse" time="32.443"/>
  <testcase classname="test.TC004_BottomLinks" name="InterestBasedAds" time="34.736"/>
  <testcase classname="test.TC004_BottomLinks" name="CaSupplyChain" time="35.492"/>
  <testcase classname="test.TC004_BottomLinks" name="DoNotSell" time="33.072"/>
  <testcase classname="test.TC004_BottomLinks" name="Accessibility" time="36.315"/>
  <testcase classname="test.TC004_BottomLinks" name="HealthDataPrivacy" time="35.481"/>
</testsuite> <!-- test.TC004_BottomLinks -->
