<?xml version="1.0" encoding="UTF-8"?>
<!-- Generated by org.testng.reporters.JUnitReportReporter -->
<testsuite hostname="DESKTOP-8G7EKM6" failures="0" tests="1" name="test.TC007_ShopByBrands" time="66.482" errors="0" timestamp="2024-08-22T13:50:25 IST" skipped="0">
  <testcase classname="test.TC007_ShopByBrands" name="ShopByBrandsTest" time="66.482"/>
</testsuite> <!-- test.TC007_ShopByBrands -->
