<?xml version="1.0" encoding="UTF-8"?>
<!-- Generated by org.testng.reporters.JUnitReportReporter -->
<testsuite hostname="DESKTOP-8G7EKM6" failures="0" tests="4" name="test.TC008_CheckOut" time="370.671" errors="0" timestamp="2024-08-22T13:50:25 IST" skipped="0">
  <testcase classname="test.TC008_CheckOut" name="CheckOutTest" time="89.859"/>
  <testcase classname="test.TC008_CheckOut" name="CheckOutTest" time="96.239"/>
  <testcase classname="test.TC008_CheckOut" name="CheckOutTest" time="87.464"/>
  <testcase classname="test.TC008_CheckOut" name="CheckOutTest" time="97.109"/>
</testsuite> <!-- test.TC008_CheckOut -->
