<?xml version="1.0" encoding="UTF-8"?>
<!-- Generated by org.testng.reporters.JUnitReportReporter -->
<testsuite hostname="DESKTOP-8G7EKM6" failures="0" tests="4" name="test.TC002_Login" time="175.234" errors="0" timestamp="2024-08-22T13:50:25 IST" skipped="0">
  <testcase classname="test.TC002_Login" name="Login" time="42.925"/>
  <testcase classname="test.TC002_Login" name="Login" time="44.375"/>
  <testcase classname="test.TC002_Login" name="Login" time="45.200"/>
  <testcase classname="test.TC002_Login" name="Login" time="42.734"/>
</testsuite> <!-- test.TC002_Login -->
