<?xml version="1.0" encoding="UTF-8"?>
<!-- Generated by org.testng.reporters.JUnitReportReporter -->
<testsuite hostname="DESKTOP-8G7EKM6" failures="0" tests="7" name="test.TC003_AllMenu" time="260.256" errors="0" timestamp="2024-08-22T13:50:25 IST" skipped="0">
  <testcase classname="test.TC003_AllMenu" name="DealsOfTheDayValidation" time="37.429"/>
  <testcase classname="test.TC003_AllMenu" name="CreditCardsValidation" time="36.481"/>
  <testcase classname="test.TC003_AllMenu" name="BBSellsValidation" time="37.566"/>
  <testcase classname="test.TC003_AllMenu" name="BackToSchoolValidation" time="39.859"/>
  <testcase classname="test.TC003_AllMenu" name="TopDealsValidation" time="35.454"/>
  <testcase classname="test.TC003_AllMenu" name="BBMembershipsValidation" time="35.872"/>
  <testcase classname="test.TC003_AllMenu" name="MoreOptionsValidation" time="37.595"/>
</testsuite> <!-- test.TC003_AllMenu -->
